[debug] [2018-07-10T16:29:42.228Z] ----------------------------------------------------------------------
[debug] [2018-07-10T16:29:42.231Z] Command:       /Users/mike.abeln/.nvm/versions/node/v8.9.1/bin/node /Users/mike.abeln/.nvm/versions/node/v8.9.1/bin/firebase serve
[debug] [2018-07-10T16:29:42.231Z] CLI Version:   3.19.3
[debug] [2018-07-10T16:29:42.232Z] Platform:      darwin
[debug] [2018-07-10T16:29:42.232Z] Node Version:  v8.9.1
[debug] [2018-07-10T16:29:42.232Z] Time:          Tue Jul 10 2018 09:29:42 GMT-0700 (PDT)
[debug] [2018-07-10T16:29:42.232Z] ----------------------------------------------------------------------
[debug] 
[debug] [2018-07-10T16:29:42.247Z] > command requires scopes: ["email","openid","https://www.googleapis.com/auth/cloudplatformprojects.readonly","https://www.googleapis.com/auth/firebase","https://www.googleapis.com/auth/cloud-platform"]
[debug] [2018-07-10T16:29:42.247Z] > authorizing via signed-in user
[debug] [2018-07-10T16:29:42.250Z] > refreshing access token with scopes: ["email","https://www.googleapis.com/auth/cloud-platform","https://www.googleapis.com/auth/cloudplatformprojects.readonly","https://www.googleapis.com/auth/firebase","openid"]
[debug] [2018-07-10T16:29:42.250Z] >>> HTTP REQUEST POST https://www.googleapis.com/oauth2/v3/token  
 { refresh_token: '1/R5VK1sSCWm2CMIumkTiyXKBLp3cp9X_H2BNTsyx9aDq0_3sPAX-bh3NNJrva2yZf',
  client_id: '563584335869-fgrhgmd47bqnekij5i8b5pr03ho849e6.apps.googleusercontent.com',
  client_secret: 'j9iVZfS8kkCEFUPaAeJV0sAi',
  grant_type: 'refresh_token',
  scope: 'email https://www.googleapis.com/auth/cloud-platform https://www.googleapis.com/auth/cloudplatformprojects.readonly https://www.googleapis.com/auth/firebase openid' } 
 Tue Jul 10 2018 09:29:42 GMT-0700 (PDT)
[debug] [2018-07-10T16:29:42.387Z] <<< HTTP RESPONSE 200
[debug] [2018-07-10T16:29:42.409Z] >>> HTTP REQUEST GET https://admin.firebase.com/v1/projects/generic-specific  
  
 Tue Jul 10 2018 09:29:42 GMT-0700 (PDT)
[debug] [2018-07-10T16:29:42.837Z] <<< HTTP RESPONSE 200
[debug] [2018-07-10T16:29:42.838Z] >>> HTTP REQUEST GET https://admin.firebase.com/v1/database/generic-specific/tokens  
  
 Tue Jul 10 2018 09:29:42 GMT-0700 (PDT)
[debug] [2018-07-10T16:29:43.476Z] <<< HTTP RESPONSE 200
[debug] [2018-07-10T16:29:43.477Z] >>> HTTP REQUEST GET https://cloudresourcemanager.googleapis.com/v1/projects/generic-specific  
  
 Tue Jul 10 2018 09:29:43 GMT-0700 (PDT)
[debug] [2018-07-10T16:29:43.983Z] <<< HTTP RESPONSE 200
[info] 
[info] === Serving from '/Developer/mikeabeln/src_v4/server'...
[info] 
[info] i  functions: Preparing to emulate functions.
[debug] [2018-07-10T16:29:44.996Z] Fetching environment
[debug] [2018-07-10T16:29:44.999Z] >>> HTTP REQUEST GET https://mobilesdk-pa.googleapis.com/v1/projects/461325237357:getServerAppConfig  
  
 Tue Jul 10 2018 09:29:44 GMT-0700 (PDT)
[debug] [2018-07-10T16:29:44.999Z] >>> HTTP REQUEST GET https://mobilesdk-pa.googleapis.com/v1/projects/461325237357/clients/_:getWebAppConfig  
  
 Tue Jul 10 2018 09:29:44 GMT-0700 (PDT)
[debug] [2018-07-10T16:29:45.343Z] <<< HTTP RESPONSE 200
[debug] [2018-07-10T16:29:45.344Z] Starting @google-cloud/functions-emulator
[debug] [2018-07-10T16:29:45.416Z] <<< HTTP RESPONSE 200
[info] i  hosting: Serving hosting files from: public
[info] ✔  hosting: Local server: http://localhost:5000

[debug] [2018-07-10T16:29:47.418Z] Parsing function triggers
